<?xml version="1.0" encoding="UTF-8"?>
<TestRun id="213ffaa9-1cef-4276-ad09-fd2ce7cda38a" name="Júlio@CENTRO7 2009-12-12 11:14:15" runUser="Centro7\Júlio" xmlns="http://microsoft.com/schemas/VisualStudio/TeamTest/2010">
  <TestSettings name="Local" id="f3c36797-080f-4784-846a-761b9fdba93c">
    <Description>These are default test settings for a local test run.</Description>
    <Deployment enabled="false" runDeploymentRoot="Júlio_CENTRO7 2009-12-12 11_14_15">
      <DeploymentItem filename="F:\Users\Júlio\Documents\Visual Studio 10\Projects\IMJ\Web\IMJWeb.Dominio\bin\Debug\IMJWeb.Dominio.dll" />
      <DeploymentItem filename="F:\Users\Júlio\Documents\Visual Studio 10\Projects\IMJ\Web\IMJWeb.Dominio.Util\bin\Debug\IMJWeb.Dominio.Util.dll" />
      <DeploymentItem filename="F:\Program Files (x86)\Microsoft Enterprise Library 4.1 - October 2008\Bin\Microsoft.Practices.Unity.dll" />
    </Deployment>
    <Execution>
      <TestTypeSpecific />
      <AgentRule name="Execution Agents">
      </AgentRule>
    </Execution>
  </TestSettings>
  <Times creation="2009-12-12T11:14:15.9005703-02:00" queuing="2009-12-12T11:14:19.5247776-02:00" start="2009-12-12T11:14:19.8397956-02:00" finish="2009-12-12T11:14:21.1998734-02:00" />
  <ResultSummary outcome="Completed">
    <Counters total="1" executed="1" passed="1" error="0" failed="0" timeout="0" aborted="0" inconclusive="0" passedButRunAborted="0" notRunnable="0" notExecuted="0" disconnected="0" warning="0" completed="0" inProgress="0" pending="0" />
  </ResultSummary>
  <TestDefinitions>
    <UnitTest name="ObterRegiaoTest" storage="f:\users\júlio\documents\visual studio 10\projects\imj\web\imjweb.teste\bin\debug\imjweb.teste.dll" id="290395b5-0887-70e8-2064-f73a3b60b5a5">
      <Execution id="5c1504fd-b2ea-45b3-9a73-f05644c52a0d" />
      <TestMethod codeBase="F:/Users/Júlio/Documents/Visual Studio 10/Projects/IMJ/Web/IMJWeb.Teste/bin/Debug/IMJWeb.Teste.DLL" adapterTypeName="Microsoft.VisualStudio.TestTools.TestTypes.Unit.UnitTestAdapter, Microsoft.VisualStudio.QualityTools.Tips.UnitTest.Adapter, Version=10.0.0.0, Culture=neutral, PublicKeyToken=b03f5f7f11d50a3a" className="IMJWeb.Teste.RegiaoFlyweightTest, IMJWeb.Teste, Version=1.0.0.0, Culture=neutral, PublicKeyToken=null" name="ObterRegiaoTest" />
    </UnitTest>
  </TestDefinitions>
  <TestLists>
    <TestList name="Results Not in a List" id="8c84fa94-04c1-424b-9868-57a2d4851a1d" />
    <TestList name="All Loaded Results" id="19431567-8539-422a-85d7-44ee4e166bda" />
  </TestLists>
  <TestEntries>
    <TestEntry testId="290395b5-0887-70e8-2064-f73a3b60b5a5" executionId="5c1504fd-b2ea-45b3-9a73-f05644c52a0d" testListId="8c84fa94-04c1-424b-9868-57a2d4851a1d" />
  </TestEntries>
  <Results>
    <UnitTestResult executionId="5c1504fd-b2ea-45b3-9a73-f05644c52a0d" testId="290395b5-0887-70e8-2064-f73a3b60b5a5" testName="ObterRegiaoTest" computerName="CENTRO7" duration="00:00:00.0353899" startTime="2009-12-12T11:14:20.0088053-02:00" endTime="2009-12-12T11:14:20.9368584-02:00" testType="13cdc9d9-ddb5-4fa4-a97d-d965ccfc6d4b" outcome="Passed" testListId="8c84fa94-04c1-424b-9868-57a2d4851a1d" relativeResultsDirectory="5c1504fd-b2ea-45b3-9a73-f05644c52a0d">
    </UnitTestResult>
  </Results>
</TestRun>